2025-07-29 13:32:11,012 | INFO | GET /docs - 200 - 0.00s
2025-07-29 13:32:11,582 | INFO | GET /openapi.json - 200 - 0.04s
2025-07-29 13:32:17,636 | INFO | GET /api/v1/books - 200 - 0.13s
2025-07-29 13:32:31,844 | INFO | GET /api/v1/books/15 - 200 - 0.02s
2025-07-30 12:23:39,704 | INFO | GET /api/v1/health - 200 - 0.01s
2025-07-30 12:23:59,030 | INFO | GET /docs - 200 - 0.00s
2025-07-30 12:23:59,236 | INFO | GET /openapi.json - 200 - 0.02s
2025-07-30 12:31:32,296 | INFO | GET /api/v1/ml/training-data - 200 - 0.04s
2025-07-30 12:37:55,092 | INFO | GET /training-data - 404 - 0.00s
2025-07-30 12:39:14,981 | INFO | GET / - 404 - 0.00s
2025-07-30 12:39:15,033 | INFO | GET /favicon.ico - 404 - 0.00s
2025-07-30 12:39:33,247 | INFO | GET /api/v1/ml/features - 200 - 0.06s
2025-07-30 12:41:25,620 | INFO | GET /training-data - 404 - 0.00s
2025-07-30 12:43:00,490 | INFO | GET /api/v1/ml/features - 200 - 0.02s
2025-07-30 12:44:54,742 | INFO | GET /api/v1/ml/features - 200 - 0.03s
2025-07-30 12:45:19,309 | INFO | GET /api/v1/ml/features - 200 - 0.04s
2025-07-30 12:46:11,316 | INFO | GET /api/v1/ml/training-data - 200 - 0.03s
2025-07-30 12:50:44,250 | INFO | GET /api/v1/ml/training-data - 200 - 0.05s
2025-07-30 12:53:14,647 | INFO | GET /api/v1/ml/training-data - 200 - 0.03s
2025-07-30 12:56:24,894 | INFO | GET /api/v1/ml/training-data - 200 - 0.03s
2025-07-30 12:59:54,828 | INFO | GET /api/v1/ml/training-data - 200 - 0.05s
2025-07-30 13:02:32,532 | INFO | GET /docs - 200 - 0.00s
2025-07-30 13:02:32,730 | INFO | GET /openapi.json - 200 - 0.02s
2025-07-30 19:50:20,578 | INFO | GET /api/v1/stats/overview - 200 - 0.05s
2025-07-30 19:50:20,658 | INFO | GET /favicon.ico - 404 - 0.00s
2025-07-30 19:50:29,561 | INFO | GET /docs - 200 - 0.00s
2025-07-30 19:50:29,918 | INFO | GET /openapi.json - 200 - 0.02s
2025-07-30 19:51:44,926 | INFO | Request body: {
  "price": 39.99,
  "rating": 4,
  "availability": 1,
  "category": "Travel"
}
2025-07-30 19:51:45,032 | INFO | POST /api/v1/ml/predictions - 200 - 0.11s
2025-07-30 19:53:52,459 | INFO | GET /api/v1/ml/training-data - 200 - 0.04s
2025-07-30 19:58:43,815 | INFO | Request body: {
  "price": 39.99,
  "rating": 4,
  "availability": 1,
  "category": "Travel"
}
2025-07-30 19:58:43,817 | INFO | POST /api/v1/ml/predictions - 200 - 0.00s
2025-07-30 19:58:48,733 | INFO | Request body: {
  "price": 39.99,
  "rating": 4,
  "availability": 1,
  "category": "Travel"
}
2025-07-30 19:58:48,736 | INFO | POST /api/v1/ml/predictions - 200 - 0.00s
2025-07-30 20:18:58,103 | INFO | GET /api/v1/ml/training-data - 200 - 0.04s
2025-07-30 20:20:27,214 | INFO | GET /api/v1/ml/training-data - 200 - 0.04s
2025-07-30 20:26:33,216 | INFO | Request body: {
  "price": 39.99,
  "rating": 4,
  "availability": In Stock,
  "category": "Travel"
}
2025-07-30 20:26:33,220 | INFO | POST /api/v1/ml/predictions - 422 - 0.00s
2025-07-30 20:27:16,843 | INFO | Request body: {
  "price": 39.99,
  "rating": 4,
  "availability": In stock,
  "category": "Travel"
}
2025-07-30 20:27:16,847 | INFO | POST /api/v1/ml/predictions - 422 - 0.00s
2025-07-30 20:34:27,279 | INFO | Request body: {
  "price": 39.99,
  "rating": 4,
  "availability": In stock,
  "category": "Travel"
}
2025-07-30 20:34:27,281 | INFO | POST /api/v1/ml/predictions - 422 - 0.00s
2025-07-30 20:36:57,128 | INFO | Request body: {
  "price": 39.99,
  "rating": 4,
  "availability": "In stock",
  "category": "Travel"
}
2025-07-30 20:36:57,136 | INFO | POST /api/v1/ml/predictions - 200 - 0.01s
2025-07-30 20:39:44,352 | INFO | GET /api/v1/ml/training-data - 200 - 0.14s
2025-07-30 20:40:24,893 | INFO | Request body: {
  "price": 39.99,
  "rating": 4,
  "availability": "In stock",
  "category": "Travel"
}
2025-07-30 20:40:24,894 | INFO | POST /api/v1/ml/predictions - 200 - 0.00s
2025-07-30 20:40:27,871 | INFO | Request body: {
  "price": 39.99,
  "rating": 4,
  "availability": "In stock",
  "category": "Travel"
}
2025-07-30 20:40:27,872 | INFO | POST /api/v1/ml/predictions - 200 - 0.00s
2025-07-30 20:48:34,130 | INFO | GET /api/v1/ml/training-data - 200 - 0.03s
2025-07-30 20:48:55,638 | INFO | Request body: {
  "price": 39.99,
  "rating": 4,
  "availability": "In stock",
  "category": "Travel"
}
2025-07-30 20:48:56,908 | INFO | POST /api/v1/ml/predictions - 200 - 1.27s
2025-07-30 20:50:47,675 | INFO | Request body: {
  "price": 39.99,
  "rating": 4,
  "availability": "In stock",
  "category": "Travel"
}
2025-07-30 20:50:49,171 | INFO | POST /api/v1/ml/predictions - 200 - 1.50s
2025-07-30 20:57:59,016 | INFO | GET /api/v1/ml/training-data - 200 - 0.07s
2025-07-30 20:57:59,066 | INFO | GET /favicon.ico - 404 - 0.00s
2025-07-30 20:58:08,291 | INFO | GET /api/v1/stats/categories - 200 - 0.01s
2025-07-30 21:05:31,049 | INFO | GET /api/v1/ml/training-data - 200 - 0.03s
2025-07-30 21:06:34,343 | INFO | Request body: {
  "price": 39.99,
  "rating": 4,
  "availability": "In stock",
  "category": "Travel"
}
2025-07-30 21:06:35,794 | INFO | POST /api/v1/ml/predictions - 200 - 1.45s
2025-07-30 21:06:51,362 | INFO | Request body: {
  "price": 39.99,
  "rating": 4,
  "availability": 0,
  "category": "Travel"
}
2025-07-30 21:06:51,366 | INFO | POST /api/v1/ml/predictions - 422 - 0.00s
2025-07-30 21:07:47,886 | INFO | Request body: {
  "price": 39.99,
  "rating": 4,
  "availability": 0
}
2025-07-30 21:07:47,887 | INFO | POST /api/v1/ml/predictions - 422 - 0.00s
2025-07-30 21:07:53,492 | INFO | Request body: {
  "price": 39.99,
  "rating": 4,
  "availability": 0
}
2025-07-30 21:07:53,493 | INFO | POST /api/v1/ml/predictions - 422 - 0.00s
2025-07-30 21:08:06,741 | INFO | Request body: {
  "price": 39.99,
  "rating": 4,
  "availability": "In stock"
}
2025-07-30 21:08:06,767 | INFO | POST /api/v1/ml/predictions - 200 - 0.03s
2025-07-31 19:34:13,993 | INFO | GET /api/v1/ml/training-data - 200 - 0.15s
2025-07-31 19:35:09,168 | INFO | Request body: {
  "price": 39.99,
  "rating": 4,
  "availability": "In stock"
}
2025-07-31 19:35:09,214 | INFO | POST /api/v1/ml/predictions - 200 - 0.05s
2025-07-31 19:35:29,261 | INFO | GET /docs - 200 - 0.00s
2025-07-31 19:35:29,501 | INFO | GET /openapi.json - 200 - 0.04s
2025-07-31 19:37:48,772 | INFO | Request body: {
  "price": 37,33,
  "rating": 3,
  "availability": "In stock"
}
2025-07-31 19:37:48,776 | INFO | POST /api/v1/ml/predictions - 422 - 0.00s
2025-07-31 20:13:51,070 | INFO | GET /docs - 200 - 0.00s
2025-07-31 20:13:53,340 | INFO | GET /openapi.json - 200 - 0.01s
2025-07-31 23:43:44,223 | INFO | GET /api/v1/ml/training-data - 200 - 0.04s
2025-07-31 23:43:55,685 | INFO | GET /api/v1/health - 200 - 0.01s
2025-07-31 23:43:55,745 | INFO | GET /favicon.ico - 404 - 0.00s
2025-07-31 23:44:01,685 | INFO | GET /docs - 200 - 0.00s
2025-07-31 23:44:01,849 | INFO | GET /openapi.json - 200 - 0.02s
2025-07-31 23:45:33,624 | INFO | Request body: {
  "price": 33.57,
  "rating": 3,
  "availability": "In stock"
}
2025-07-31 23:45:35,658 | INFO | POST /api/v1/ml/predictions - 200 - 2.03s
2025-08-01 11:04:18,925 | INFO | GET /docs - 200 - 0.00s
2025-08-01 11:04:19,428 | INFO | GET /openapi.json - 200 - 0.02s
2025-08-01 11:04:41,999 | INFO | Request body: {
  "price": 33.57,
  "rating": 3,
  "availability": "In stock"
}
2025-08-01 11:04:45,533 | INFO | POST /api/v1/ml/predictions - 200 - 3.53s
2025-08-01 11:05:33,497 | INFO | Request body: {
  "price": 39.99,
  "rating": 4,
  "availability": "In stock"
}

2025-08-01 11:05:33,533 | INFO | POST /api/v1/ml/predictions - 200 - 0.04s
2025-08-01 11:07:42,589 | INFO | Request body: {
  "price": 39.99,
  "rating": 4,
  "availability": "In stock"
}

2025-08-01 11:07:45,241 | INFO | POST /api/v1/ml/predictions - 200 - 2.65s
2025-08-01 11:07:57,411 | INFO | GET /docs - 200 - 0.00s
2025-08-01 11:07:57,609 | INFO | GET /openapi.json - 200 - 0.02s
2025-08-01 11:08:32,623 | INFO | Request body: {
  "price": 33.57,
  "rating": 3,
  "availability": "In stock"
}
2025-08-01 11:08:32,658 | INFO | POST /api/v1/ml/predictions - 200 - 0.04s
2025-08-01 11:13:07,818 | INFO | GET /docs - 200 - 0.00s
2025-08-01 11:13:07,964 | INFO | GET /openapi.json - 200 - 0.02s
2025-08-01 11:13:33,038 | INFO | GET //api/v1/ml/predictions - 404 - 0.00s
2025-08-01 11:13:33,112 | INFO | GET /favicon.ico - 404 - 0.00s
2025-08-01 11:13:38,027 | INFO | GET /api/v1/ml/predictions - 405 - 0.00s
2025-08-01 11:15:18,888 | INFO | Request body: {
  "price": 33.57,
  "rating": 3,
  "availability": "In stock"
}
2025-08-01 11:15:21,384 | INFO | POST /api/v1/ml/predictions - 200 - 2.50s
2025-08-01 11:18:16,564 | INFO | GET /docs - 200 - 0.00s
2025-08-01 11:18:16,782 | INFO | GET /openapi.json - 200 - 0.02s
2025-08-01 11:18:50,018 | INFO | Request body: {
  "price": 33.57,
  "rating": 3,
  "availability": "In stock"
}
2025-08-01 11:18:52,120 | INFO | POST /api/v1/ml/predictions - 200 - 2.10s
2025-08-01 11:23:12,197 | INFO | GET /docs - 200 - 0.00s
2025-08-01 11:23:12,499 | INFO | GET /openapi.json - 200 - 0.02s
2025-08-01 11:23:30,576 | INFO | Request body: {
  "price": 33.57,
  "rating": 3,
  "availability": "In stock"
}
2025-08-01 11:23:33,544 | INFO | POST /api/v1/ml/predictions - 200 - 2.97s
2025-08-01 13:26:48,948 | INFO | GET /api/v1/ml/predictions - 405 - 0.02s
2025-08-01 13:27:07,011 | INFO | Request body: {
  "price": 33.57,
  "rating": 3,
  "availability": "In stock"
}
2025-08-01 13:27:07,351 | INFO | POST /api/v1/ml/predictions - 200 - 0.34s
2025-08-01 13:27:14,740 | INFO | Request body: {
  "price": 33.57,
  "rating": 5,
  "availability": "In stock"
}
2025-08-01 13:27:14,778 | INFO | POST /api/v1/ml/predictions - 200 - 0.04s
2025-08-01 14:27:12,663 | INFO | Request body: {
  "price": 33.57,
  "rating": 5,
  "availability": "In stock"
}
2025-08-01 14:27:16,581 | INFO | POST /api/v1/ml/predictions - 200 - 3.92s
2025-08-01 14:31:57,706 | INFO | Request body: {"price": 30.0, "rating": 5, "availability": "In stock"}
2025-08-01 14:31:58,943 | INFO | POST /api/v1/ml/predictions - 200 - 1.24s
2025-08-01 14:41:13,926 | INFO | Request body: {"price": 40.0, "rating": 4, "availability": "Out of stock"}
2025-08-01 14:41:16,101 | INFO | POST /api/v1/ml/predictions - 200 - 2.18s
2025-08-01 14:41:26,850 | INFO | Request body: {"price": 40.0, "rating": 3, "availability": "Out of stock"}
2025-08-01 14:41:26,877 | INFO | POST /api/v1/ml/predictions - 200 - 0.03s
